<?xml version="1.0" encoding="UTF-8"?>
<!-- Generated by org.testng.reporters.JUnitXMLReporter -->
<testsuite ignored="4" hostname="DESKTOP-RHKSQOC" failures="0" tests="8" name="Default test" time="60.774" errors="0" timestamp="2024-03-16T18:12:41 EDT">
  <testcase classname="tutorialNinja.TestCases.RegisterTest" name="verifyRegisterWithMandatoryDetails" time="1.613"/>
  <testcase classname="tutorialNinja.TestCases.RegisterTest" name="verifyRegisterWithMandatoryDetails" time="1.483"/>
  <testcase classname="tutorialNinja.TestCases.RegisterTest" name="verifyRegisterWithMandatoryDetails" time="1.67"/>
  <testcase classname="tutorialNinja.TestCases.RegisterTest" name="verifyRegisterWithMandatoryDetails" time="1.99"/>
  <testcase classname="tutorialNinja.TestCases.RegisterTest" name="verifyRegisterWithMandatoryDetails" time="1.577"/>
  <testcase classname="tutorialNinja.TestCases.RegisterTest" name="verifyRegisterWithMandatoryDetails" time="1.584"/>
  <testcase classname="tutorialNinja.TestCases.RegisterTest" name="verifyRegisterWithMandatoryDetails" time="1.537"/>
  <testcase classname="tutorialNinja.TestCases.RegisterTest" name="verifyRegisterWithMandatoryDetails" time="2.145"/>
  <testcase classname="tutorialNinja.TestCases.RegisterTest" name="verifyRegisterWithAllDetails" time="0.0">
    <ignored/>
  </testcase> <!-- verifyRegisterWithAllDetails -->
  <testcase classname="tutorialNinja.TestCases.RegisterTest" name="verifyRegisterWithNoDetails" time="0.0">
    <ignored/>
  </testcase> <!-- verifyRegisterWithNoDetails -->
  <testcase classname="tutorialNinja.TestCases.RegisterTest" name="verifyRegisterWithWrongConfirmPassword" time="0.0">
    <ignored/>
  </testcase> <!-- verifyRegisterWithWrongConfirmPassword -->
  <testcase classname="tutorialNinja.TestCases.RegisterTest" name="verifyRegisterWithExistingEmail" time="0.0">
    <ignored/>
  </testcase> <!-- verifyRegisterWithExistingEmail -->
</testsuite> <!-- Default test -->
