<?xml version="1.0" encoding="UTF-8"?>
<testng-results ignored="0" total="8" passed="8" failed="0" skipped="0">
  <reporter-output>
  </reporter-output>
  <suite started-at="2024-03-16T18:11:40 EDT" name="Default suite" finished-at="2024-03-16T18:12:41 EDT" duration-ms="60774">
    <groups>
    </groups>
    <test started-at="2024-03-16T18:11:40 EDT" name="Default test" finished-at="2024-03-16T18:12:41 EDT" duration-ms="60774">
      <class name="tutorialNinja.TestCases.RegisterTest">
        <test-method is-config="true" signature="registerSetup()[pri:0, instance:tutorialNinja.TestCases.RegisterTest@5824a83d]" started-at="2024-03-16T18:11:40 EDT" name="registerSetup" finished-at="2024-03-16T18:11:48 EDT" duration-ms="7072" status="PASS">
          <reporter-output>
          </reporter-output>
        </test-method> <!-- registerSetup -->
        <test-method signature="verifyRegisterWithMandatoryDetails(java.lang.String,java.lang.String,java.lang.String,java.lang.String,java.lang.String)[pri:1, instance:tutorialNinja.TestCases.RegisterTest@5824a83d]" started-at="2024-03-16T18:11:48 EDT" name="verifyRegisterWithMandatoryDetails" data-provider="TNRegister" finished-at="2024-03-16T18:11:49 EDT" duration-ms="1613" status="PASS">
          <params>
            <param index="0">
              <value>
                <![CDATA[Selenium]]>
              </value>
            </param>
            <param index="1">
              <value>
                <![CDATA[Panda]]>
              </value>
            </param>
            <param index="2">
              <value>
                <![CDATA[2147483647]]>
              </value>
            </param>
            <param index="3">
              <value>
                <![CDATA[Selenium@123]]>
              </value>
            </param>
            <param index="4">
              <value>
                <![CDATA[Selenium@123]]>
              </value>
            </param>
          </params>
          <reporter-output>
          </reporter-output>
        </test-method> <!-- verifyRegisterWithMandatoryDetails -->
        <test-method is-config="true" signature="tearDown()[pri:0, instance:tutorialNinja.TestCases.RegisterTest@5824a83d]" started-at="2024-03-16T18:11:49 EDT" name="tearDown" finished-at="2024-03-16T18:11:49 EDT" duration-ms="180" status="PASS">
          <reporter-output>
          </reporter-output>
        </test-method> <!-- tearDown -->
        <test-method is-config="true" signature="registerSetup()[pri:0, instance:tutorialNinja.TestCases.RegisterTest@5824a83d]" started-at="2024-03-16T18:11:49 EDT" name="registerSetup" finished-at="2024-03-16T18:11:55 EDT" duration-ms="5323" status="PASS">
          <reporter-output>
          </reporter-output>
        </test-method> <!-- registerSetup -->
        <test-method signature="verifyRegisterWithMandatoryDetails(java.lang.String,java.lang.String,java.lang.String,java.lang.String,java.lang.String)[pri:1, instance:tutorialNinja.TestCases.RegisterTest@5824a83d]" started-at="2024-03-16T18:11:55 EDT" name="verifyRegisterWithMandatoryDetails" data-provider="TNRegister" finished-at="2024-03-16T18:11:56 EDT" duration-ms="1483" status="PASS">
          <params>
            <param index="0">
              <value>
                <![CDATA[Selenium]]>
              </value>
            </param>
            <param index="1">
              <value>
                <![CDATA[Panda]]>
              </value>
            </param>
            <param index="2">
              <value>
                <![CDATA[2147483647]]>
              </value>
            </param>
            <param index="3">
              <value>
                <![CDATA[Selenium@123]]>
              </value>
            </param>
            <param index="4">
              <value>
                <![CDATA[Selenium@123]]>
              </value>
            </param>
          </params>
          <reporter-output>
          </reporter-output>
        </test-method> <!-- verifyRegisterWithMandatoryDetails -->
        <test-method is-config="true" signature="tearDown()[pri:0, instance:tutorialNinja.TestCases.RegisterTest@5824a83d]" started-at="2024-03-16T18:11:56 EDT" name="tearDown" finished-at="2024-03-16T18:11:56 EDT" duration-ms="110" status="PASS">
          <reporter-output>
          </reporter-output>
        </test-method> <!-- tearDown -->
        <test-method is-config="true" signature="registerSetup()[pri:0, instance:tutorialNinja.TestCases.RegisterTest@5824a83d]" started-at="2024-03-16T18:11:56 EDT" name="registerSetup" finished-at="2024-03-16T18:12:02 EDT" duration-ms="5780" status="PASS">
          <reporter-output>
          </reporter-output>
        </test-method> <!-- registerSetup -->
        <test-method signature="verifyRegisterWithMandatoryDetails(java.lang.String,java.lang.String,java.lang.String,java.lang.String,java.lang.String)[pri:1, instance:tutorialNinja.TestCases.RegisterTest@5824a83d]" started-at="2024-03-16T18:12:02 EDT" name="verifyRegisterWithMandatoryDetails" data-provider="TNRegister" finished-at="2024-03-16T18:12:04 EDT" duration-ms="1670" status="PASS">
          <params>
            <param index="0">
              <value>
                <![CDATA[Selenium]]>
              </value>
            </param>
            <param index="1">
              <value>
                <![CDATA[Panda]]>
              </value>
            </param>
            <param index="2">
              <value>
                <![CDATA[2147483647]]>
              </value>
            </param>
            <param index="3">
              <value>
                <![CDATA[Selenium@123]]>
              </value>
            </param>
            <param index="4">
              <value>
                <![CDATA[Selenium@123]]>
              </value>
            </param>
          </params>
          <reporter-output>
          </reporter-output>
        </test-method> <!-- verifyRegisterWithMandatoryDetails -->
        <test-method is-config="true" signature="tearDown()[pri:0, instance:tutorialNinja.TestCases.RegisterTest@5824a83d]" started-at="2024-03-16T18:12:04 EDT" name="tearDown" finished-at="2024-03-16T18:12:04 EDT" duration-ms="104" status="PASS">
          <reporter-output>
          </reporter-output>
        </test-method> <!-- tearDown -->
        <test-method is-config="true" signature="registerSetup()[pri:0, instance:tutorialNinja.TestCases.RegisterTest@5824a83d]" started-at="2024-03-16T18:12:04 EDT" name="registerSetup" finished-at="2024-03-16T18:12:09 EDT" duration-ms="4999" status="PASS">
          <reporter-output>
          </reporter-output>
        </test-method> <!-- registerSetup -->
        <test-method signature="verifyRegisterWithMandatoryDetails(java.lang.String,java.lang.String,java.lang.String,java.lang.String,java.lang.String)[pri:1, instance:tutorialNinja.TestCases.RegisterTest@5824a83d]" started-at="2024-03-16T18:12:09 EDT" name="verifyRegisterWithMandatoryDetails" data-provider="TNRegister" finished-at="2024-03-16T18:12:11 EDT" duration-ms="1990" status="PASS">
          <params>
            <param index="0">
              <value>
                <![CDATA[Selenium]]>
              </value>
            </param>
            <param index="1">
              <value>
                <![CDATA[Panda]]>
              </value>
            </param>
            <param index="2">
              <value>
                <![CDATA[2147483647]]>
              </value>
            </param>
            <param index="3">
              <value>
                <![CDATA[Selenium@123]]>
              </value>
            </param>
            <param index="4">
              <value>
                <![CDATA[Selenium@123]]>
              </value>
            </param>
          </params>
          <reporter-output>
          </reporter-output>
        </test-method> <!-- verifyRegisterWithMandatoryDetails -->
        <test-method is-config="true" signature="tearDown()[pri:0, instance:tutorialNinja.TestCases.RegisterTest@5824a83d]" started-at="2024-03-16T18:12:11 EDT" name="tearDown" finished-at="2024-03-16T18:12:11 EDT" duration-ms="114" status="PASS">
          <reporter-output>
          </reporter-output>
        </test-method> <!-- tearDown -->
        <test-method is-config="true" signature="registerSetup()[pri:0, instance:tutorialNinja.TestCases.RegisterTest@5824a83d]" started-at="2024-03-16T18:12:11 EDT" name="registerSetup" finished-at="2024-03-16T18:12:16 EDT" duration-ms="5438" status="PASS">
          <reporter-output>
          </reporter-output>
        </test-method> <!-- registerSetup -->
        <test-method signature="verifyRegisterWithMandatoryDetails(java.lang.String,java.lang.String,java.lang.String,java.lang.String,java.lang.String)[pri:1, instance:tutorialNinja.TestCases.RegisterTest@5824a83d]" started-at="2024-03-16T18:12:16 EDT" name="verifyRegisterWithMandatoryDetails" data-provider="TNRegister" finished-at="2024-03-16T18:12:18 EDT" duration-ms="1577" status="PASS">
          <params>
            <param index="0">
              <value>
                <![CDATA[Selenium]]>
              </value>
            </param>
            <param index="1">
              <value>
                <![CDATA[Panda]]>
              </value>
            </param>
            <param index="2">
              <value>
                <![CDATA[2147483647]]>
              </value>
            </param>
            <param index="3">
              <value>
                <![CDATA[Selenium@123]]>
              </value>
            </param>
            <param index="4">
              <value>
                <![CDATA[Selenium@123]]>
              </value>
            </param>
          </params>
          <reporter-output>
          </reporter-output>
        </test-method> <!-- verifyRegisterWithMandatoryDetails -->
        <test-method is-config="true" signature="tearDown()[pri:0, instance:tutorialNinja.TestCases.RegisterTest@5824a83d]" started-at="2024-03-16T18:12:18 EDT" name="tearDown" finished-at="2024-03-16T18:12:18 EDT" duration-ms="111" status="PASS">
          <reporter-output>
          </reporter-output>
        </test-method> <!-- tearDown -->
        <test-method is-config="true" signature="registerSetup()[pri:0, instance:tutorialNinja.TestCases.RegisterTest@5824a83d]" started-at="2024-03-16T18:12:18 EDT" name="registerSetup" finished-at="2024-03-16T18:12:23 EDT" duration-ms="4552" status="PASS">
          <reporter-output>
          </reporter-output>
        </test-method> <!-- registerSetup -->
        <test-method signature="verifyRegisterWithMandatoryDetails(java.lang.String,java.lang.String,java.lang.String,java.lang.String,java.lang.String)[pri:1, instance:tutorialNinja.TestCases.RegisterTest@5824a83d]" started-at="2024-03-16T18:12:23 EDT" name="verifyRegisterWithMandatoryDetails" data-provider="TNRegister" finished-at="2024-03-16T18:12:24 EDT" duration-ms="1584" status="PASS">
          <params>
            <param index="0">
              <value>
                <![CDATA[Selenium]]>
              </value>
            </param>
            <param index="1">
              <value>
                <![CDATA[Panda]]>
              </value>
            </param>
            <param index="2">
              <value>
                <![CDATA[2147483647]]>
              </value>
            </param>
            <param index="3">
              <value>
                <![CDATA[Selenium@123]]>
              </value>
            </param>
            <param index="4">
              <value>
                <![CDATA[Selenium@123]]>
              </value>
            </param>
          </params>
          <reporter-output>
          </reporter-output>
        </test-method> <!-- verifyRegisterWithMandatoryDetails -->
        <test-method is-config="true" signature="tearDown()[pri:0, instance:tutorialNinja.TestCases.RegisterTest@5824a83d]" started-at="2024-03-16T18:12:24 EDT" name="tearDown" finished-at="2024-03-16T18:12:24 EDT" duration-ms="116" status="PASS">
          <reporter-output>
          </reporter-output>
        </test-method> <!-- tearDown -->
        <test-method is-config="true" signature="registerSetup()[pri:0, instance:tutorialNinja.TestCases.RegisterTest@5824a83d]" started-at="2024-03-16T18:12:24 EDT" name="registerSetup" finished-at="2024-03-16T18:12:32 EDT" duration-ms="7525" status="PASS">
          <reporter-output>
          </reporter-output>
        </test-method> <!-- registerSetup -->
        <test-method signature="verifyRegisterWithMandatoryDetails(java.lang.String,java.lang.String,java.lang.String,java.lang.String,java.lang.String)[pri:1, instance:tutorialNinja.TestCases.RegisterTest@5824a83d]" started-at="2024-03-16T18:12:32 EDT" name="verifyRegisterWithMandatoryDetails" data-provider="TNRegister" finished-at="2024-03-16T18:12:33 EDT" duration-ms="1537" status="PASS">
          <params>
            <param index="0">
              <value>
                <![CDATA[Selenium]]>
              </value>
            </param>
            <param index="1">
              <value>
                <![CDATA[Panda]]>
              </value>
            </param>
            <param index="2">
              <value>
                <![CDATA[2147483647]]>
              </value>
            </param>
            <param index="3">
              <value>
                <![CDATA[Selenium@123]]>
              </value>
            </param>
            <param index="4">
              <value>
                <![CDATA[Selenium@123]]>
              </value>
            </param>
          </params>
          <reporter-output>
          </reporter-output>
        </test-method> <!-- verifyRegisterWithMandatoryDetails -->
        <test-method is-config="true" signature="tearDown()[pri:0, instance:tutorialNinja.TestCases.RegisterTest@5824a83d]" started-at="2024-03-16T18:12:33 EDT" name="tearDown" finished-at="2024-03-16T18:12:33 EDT" duration-ms="122" status="PASS">
          <reporter-output>
          </reporter-output>
        </test-method> <!-- tearDown -->
        <test-method is-config="true" signature="registerSetup()[pri:0, instance:tutorialNinja.TestCases.RegisterTest@5824a83d]" started-at="2024-03-16T18:12:33 EDT" name="registerSetup" finished-at="2024-03-16T18:12:38 EDT" duration-ms="4917" status="PASS">
          <reporter-output>
          </reporter-output>
        </test-method> <!-- registerSetup -->
        <test-method signature="verifyRegisterWithMandatoryDetails(java.lang.String,java.lang.String,java.lang.String,java.lang.String,java.lang.String)[pri:1, instance:tutorialNinja.TestCases.RegisterTest@5824a83d]" started-at="2024-03-16T18:12:38 EDT" name="verifyRegisterWithMandatoryDetails" data-provider="TNRegister" finished-at="2024-03-16T18:12:41 EDT" duration-ms="2145" status="PASS">
          <params>
            <param index="0">
              <value>
                <![CDATA[Selenium]]>
              </value>
            </param>
            <param index="1">
              <value>
                <![CDATA[Panda]]>
              </value>
            </param>
            <param index="2">
              <value>
                <![CDATA[2147483647]]>
              </value>
            </param>
            <param index="3">
              <value>
                <![CDATA[Selenium@123]]>
              </value>
            </param>
            <param index="4">
              <value>
                <![CDATA[Selenium@123]]>
              </value>
            </param>
          </params>
          <reporter-output>
          </reporter-output>
        </test-method> <!-- verifyRegisterWithMandatoryDetails -->
        <test-method is-config="true" signature="tearDown()[pri:0, instance:tutorialNinja.TestCases.RegisterTest@5824a83d]" started-at="2024-03-16T18:12:41 EDT" name="tearDown" finished-at="2024-03-16T18:12:41 EDT" duration-ms="126" status="PASS">
          <reporter-output>
          </reporter-output>
        </test-method> <!-- tearDown -->
      </class> <!-- tutorialNinja.TestCases.RegisterTest -->
    </test> <!-- Default test -->
  </suite> <!-- Default suite -->
</testng-results>
